<?xml version="1.0" encoding="UTF-8" ?>
<testsuite tests="1" failures="0" name="teste4.teste4.AppTest" time="0.022" errors="0" skipped="0">
  <properties>
    <property name="java.runtime.name" value="Java(TM) SE Runtime Environment"/>
    <property name="sun.boot.library.path" value="/usr/lib/jvm/java-8-oracle/jre/lib/amd64"/>
    <property name="java.vm.version" value="25.111-b14"/>
    <property name="user.country.format" value="BR"/>
    <property name="java.vm.vendor" value="Oracle Corporation"/>
    <property name="java.vendor.url" value="http://java.oracle.com/"/>
    <property name="path.separator" value=":"/>
    <property name="java.vm.name" value="Java HotSpot(TM) 64-Bit Server VM"/>
    <property name="file.encoding.pkg" value="sun.io"/>
    <property name="user.country" value="US"/>
    <property name="sun.java.launcher" value="SUN_STANDARD"/>
    <property name="sun.os.patch.level" value="unknown"/>
    <property name="java.vm.specification.name" value="Java Virtual Machine Specification"/>
    <property name="user.dir" value="/home/rob/workspace/teste4"/>
    <property name="java.runtime.version" value="1.8.0_111-b14"/>
    <property name="java.awt.graphicsenv" value="sun.awt.X11GraphicsEnvironment"/>
    <property name="basedir" value="/home/rob/workspace/teste4"/>
    <property name="java.endorsed.dirs" value="/usr/lib/jvm/java-8-oracle/jre/lib/endorsed"/>
    <property name="os.arch" value="amd64"/>
    <property name="surefire.real.class.path" value="/home/rob/workspace/teste4/target/surefire/surefirebooter4013497226883698533.jar"/>
    <property name="java.io.tmpdir" value="/tmp"/>
    <property name="line.separator" value="
"/>
    <property name="java.vm.specification.vendor" value="Oracle Corporation"/>
    <property name="os.name" value="Linux"/>
    <property name="sun.jnu.encoding" value="UTF-8"/>
    <property name="java.library.path" value="/usr/java/packages/lib/amd64:/usr/lib64:/lib64:/lib:/usr/lib"/>
    <property name="surefire.test.class.path" value="/home/rob/workspace/teste4/target/test-classes:/home/rob/workspace/teste4/target/classes:/home/rob/.m2/repository/junit/junit/3.8.1/junit-3.8.1.jar:/home/rob/.m2/repository/org/apache/mahout/mahout-mr/0.12.0/mahout-mr-0.12.0.jar:/home/rob/.m2/repository/org/apache/mahout/mahout-math/0.12.0/mahout-math-0.12.0.jar:/home/rob/.m2/repository/it/unimi/dsi/fastutil/7.0.11/fastutil-7.0.11.jar:/home/rob/.m2/repository/com/tdunning/t-digest/3.1/t-digest-3.1.jar:/home/rob/.m2/repository/org/apache/mahout/mahout-hdfs/0.12.0/mahout-hdfs-0.12.0.jar:/home/rob/.m2/repository/com/google/guava/guava/11.0.2/guava-11.0.2.jar:/home/rob/.m2/repository/com/google/code/findbugs/jsr305/1.3.9/jsr305-1.3.9.jar:/home/rob/.m2/repository/org/apache/hadoop/hadoop-client/2.4.1/hadoop-client-2.4.1.jar:/home/rob/.m2/repository/org/apache/hadoop/hadoop-common/2.4.1/hadoop-common-2.4.1.jar:/home/rob/.m2/repository/commons-httpclient/commons-httpclient/3.1/commons-httpclient-3.1.jar:/home/rob/.m2/repository/commons-codec/commons-codec/1.4/commons-codec-1.4.jar:/home/rob/.m2/repository/commons-io/commons-io/2.4/commons-io-2.4.jar:/home/rob/.m2/repository/commons-net/commons-net/3.1/commons-net-3.1.jar:/home/rob/.m2/repository/commons-collections/commons-collections/3.2.1/commons-collections-3.2.1.jar:/home/rob/.m2/repository/commons-logging/commons-logging/1.1.3/commons-logging-1.1.3.jar:/home/rob/.m2/repository/log4j/log4j/1.2.17/log4j-1.2.17.jar:/home/rob/.m2/repository/commons-lang/commons-lang/2.6/commons-lang-2.6.jar:/home/rob/.m2/repository/commons-configuration/commons-configuration/1.6/commons-configuration-1.6.jar:/home/rob/.m2/repository/commons-digester/commons-digester/1.8/commons-digester-1.8.jar:/home/rob/.m2/repository/commons-beanutils/commons-beanutils/1.7.0/commons-beanutils-1.7.0.jar:/home/rob/.m2/repository/commons-beanutils/commons-beanutils-core/1.8.0/commons-beanutils-core-1.8.0.jar:/home/rob/.m2/repository/org/slf4j/slf4j-log4j12/1.7.5/slf4j-log4j12-1.7.5.jar:/home/rob/.m2/repository/org/apache/avro/avro/1.7.4/avro-1.7.4.jar:/home/rob/.m2/repository/com/thoughtworks/paranamer/paranamer/2.3/paranamer-2.3.jar:/home/rob/.m2/repository/org/xerial/snappy/snappy-java/1.0.4.1/snappy-java-1.0.4.1.jar:/home/rob/.m2/repository/com/google/protobuf/protobuf-java/2.5.0/protobuf-java-2.5.0.jar:/home/rob/.m2/repository/org/apache/hadoop/hadoop-auth/2.4.1/hadoop-auth-2.4.1.jar:/home/rob/.m2/repository/org/apache/httpcomponents/httpclient/4.2.5/httpclient-4.2.5.jar:/home/rob/.m2/repository/org/apache/httpcomponents/httpcore/4.2.4/httpcore-4.2.4.jar:/home/rob/.m2/repository/org/apache/zookeeper/zookeeper/3.4.5/zookeeper-3.4.5.jar:/home/rob/.m2/repository/org/apache/commons/commons-compress/1.4.1/commons-compress-1.4.1.jar:/home/rob/.m2/repository/org/tukaani/xz/1.0/xz-1.0.jar:/home/rob/.m2/repository/org/apache/hadoop/hadoop-hdfs/2.4.1/hadoop-hdfs-2.4.1.jar:/home/rob/.m2/repository/org/apache/hadoop/hadoop-mapreduce-client-app/2.4.1/hadoop-mapreduce-client-app-2.4.1.jar:/home/rob/.m2/repository/org/apache/hadoop/hadoop-mapreduce-client-common/2.4.1/hadoop-mapreduce-client-common-2.4.1.jar:/home/rob/.m2/repository/org/apache/hadoop/hadoop-yarn-client/2.4.1/hadoop-yarn-client-2.4.1.jar:/home/rob/.m2/repository/com/sun/jersey/jersey-client/1.9/jersey-client-1.9.jar:/home/rob/.m2/repository/org/apache/hadoop/hadoop-yarn-server-common/2.4.1/hadoop-yarn-server-common-2.4.1.jar:/home/rob/.m2/repository/org/apache/hadoop/hadoop-mapreduce-client-shuffle/2.4.1/hadoop-mapreduce-client-shuffle-2.4.1.jar:/home/rob/.m2/repository/org/apache/hadoop/hadoop-yarn-api/2.4.1/hadoop-yarn-api-2.4.1.jar:/home/rob/.m2/repository/org/apache/hadoop/hadoop-mapreduce-client-core/2.4.1/hadoop-mapreduce-client-core-2.4.1.jar:/home/rob/.m2/repository/org/apache/hadoop/hadoop-yarn-common/2.4.1/hadoop-yarn-common-2.4.1.jar:/home/rob/.m2/repository/javax/xml/bind/jaxb-api/2.2.2/jaxb-api-2.2.2.jar:/home/rob/.m2/repository/javax/xml/stream/stax-api/1.0-2/stax-api-1.0-2.jar:/home/rob/.m2/repository/javax/activation/activation/1.1/activation-1.1.jar:/home/rob/.m2/repository/javax/servlet/servlet-api/2.5/servlet-api-2.5.jar:/home/rob/.m2/repository/com/sun/jersey/jersey-core/1.9/jersey-core-1.9.jar:/home/rob/.m2/repository/org/apache/hadoop/hadoop-mapreduce-client-jobclient/2.4.1/hadoop-mapreduce-client-jobclient-2.4.1.jar:/home/rob/.m2/repository/org/apache/hadoop/hadoop-annotations/2.4.1/hadoop-annotations-2.4.1.jar:/home/rob/.m2/repository/org/codehaus/jackson/jackson-core-asl/1.9.12/jackson-core-asl-1.9.12.jar:/home/rob/.m2/repository/org/codehaus/jackson/jackson-mapper-asl/1.9.12/jackson-mapper-asl-1.9.12.jar:/home/rob/.m2/repository/org/slf4j/slf4j-api/1.7.19/slf4j-api-1.7.19.jar:/home/rob/.m2/repository/org/apache/commons/commons-lang3/3.1/commons-lang3-3.1.jar:/home/rob/.m2/repository/commons-cli/commons-cli/1.2/commons-cli-1.2.jar:/home/rob/.m2/repository/com/thoughtworks/xstream/xstream/1.4.4/xstream-1.4.4.jar:/home/rob/.m2/repository/xmlpull/xmlpull/1.1.3.1/xmlpull-1.1.3.1.jar:/home/rob/.m2/repository/xpp3/xpp3_min/1.1.4c/xpp3_min-1.1.4c.jar:/home/rob/.m2/repository/org/apache/lucene/lucene-core/4.6.1/lucene-core-4.6.1.jar:/home/rob/.m2/repository/org/apache/lucene/lucene-analyzers-common/4.6.1/lucene-analyzers-common-4.6.1.jar:/home/rob/.m2/repository/org/apache/mahout/commons/commons-cli/2.0-mahout/commons-cli-2.0-mahout.jar:/home/rob/.m2/repository/org/apache/commons/commons-math3/3.2/commons-math3-3.2.jar:/home/rob/.m2/repository/org/apache/solr/solr-commons-csv/3.5.0/solr-commons-csv-3.5.0.jar:/home/rob/.m2/repository/org/apache/logging/log4j/log4j-api/2.7/log4j-api-2.7.jar:/home/rob/.m2/repository/org/apache/logging/log4j/log4j-core/2.7/log4j-core-2.7.jar:"/>
    <property name="java.specification.name" value="Java Platform API Specification"/>
    <property name="java.class.version" value="52.0"/>
    <property name="sun.management.compiler" value="HotSpot 64-Bit Tiered Compilers"/>
    <property name="os.version" value="4.4.0-57-generic"/>
    <property name="user.home" value="/home/rob"/>
    <property name="user.timezone" value=""/>
    <property name="java.awt.printerjob" value="sun.print.PSPrinterJob"/>
    <property name="java.specification.version" value="1.8"/>
    <property name="file.encoding" value="UTF-8"/>
    <property name="user.name" value="rob"/>
    <property name="java.class.path" value="/home/rob/workspace/teste4/target/test-classes:/home/rob/workspace/teste4/target/classes:/home/rob/.m2/repository/junit/junit/3.8.1/junit-3.8.1.jar:/home/rob/.m2/repository/org/apache/mahout/mahout-mr/0.12.0/mahout-mr-0.12.0.jar:/home/rob/.m2/repository/org/apache/mahout/mahout-math/0.12.0/mahout-math-0.12.0.jar:/home/rob/.m2/repository/it/unimi/dsi/fastutil/7.0.11/fastutil-7.0.11.jar:/home/rob/.m2/repository/com/tdunning/t-digest/3.1/t-digest-3.1.jar:/home/rob/.m2/repository/org/apache/mahout/mahout-hdfs/0.12.0/mahout-hdfs-0.12.0.jar:/home/rob/.m2/repository/com/google/guava/guava/11.0.2/guava-11.0.2.jar:/home/rob/.m2/repository/com/google/code/findbugs/jsr305/1.3.9/jsr305-1.3.9.jar:/home/rob/.m2/repository/org/apache/hadoop/hadoop-client/2.4.1/hadoop-client-2.4.1.jar:/home/rob/.m2/repository/org/apache/hadoop/hadoop-common/2.4.1/hadoop-common-2.4.1.jar:/home/rob/.m2/repository/commons-httpclient/commons-httpclient/3.1/commons-httpclient-3.1.jar:/home/rob/.m2/repository/commons-codec/commons-codec/1.4/commons-codec-1.4.jar:/home/rob/.m2/repository/commons-io/commons-io/2.4/commons-io-2.4.jar:/home/rob/.m2/repository/commons-net/commons-net/3.1/commons-net-3.1.jar:/home/rob/.m2/repository/commons-collections/commons-collections/3.2.1/commons-collections-3.2.1.jar:/home/rob/.m2/repository/commons-logging/commons-logging/1.1.3/commons-logging-1.1.3.jar:/home/rob/.m2/repository/log4j/log4j/1.2.17/log4j-1.2.17.jar:/home/rob/.m2/repository/commons-lang/commons-lang/2.6/commons-lang-2.6.jar:/home/rob/.m2/repository/commons-configuration/commons-configuration/1.6/commons-configuration-1.6.jar:/home/rob/.m2/repository/commons-digester/commons-digester/1.8/commons-digester-1.8.jar:/home/rob/.m2/repository/commons-beanutils/commons-beanutils/1.7.0/commons-beanutils-1.7.0.jar:/home/rob/.m2/repository/commons-beanutils/commons-beanutils-core/1.8.0/commons-beanutils-core-1.8.0.jar:/home/rob/.m2/repository/org/slf4j/slf4j-log4j12/1.7.5/slf4j-log4j12-1.7.5.jar:/home/rob/.m2/repository/org/apache/avro/avro/1.7.4/avro-1.7.4.jar:/home/rob/.m2/repository/com/thoughtworks/paranamer/paranamer/2.3/paranamer-2.3.jar:/home/rob/.m2/repository/org/xerial/snappy/snappy-java/1.0.4.1/snappy-java-1.0.4.1.jar:/home/rob/.m2/repository/com/google/protobuf/protobuf-java/2.5.0/protobuf-java-2.5.0.jar:/home/rob/.m2/repository/org/apache/hadoop/hadoop-auth/2.4.1/hadoop-auth-2.4.1.jar:/home/rob/.m2/repository/org/apache/httpcomponents/httpclient/4.2.5/httpclient-4.2.5.jar:/home/rob/.m2/repository/org/apache/httpcomponents/httpcore/4.2.4/httpcore-4.2.4.jar:/home/rob/.m2/repository/org/apache/zookeeper/zookeeper/3.4.5/zookeeper-3.4.5.jar:/home/rob/.m2/repository/org/apache/commons/commons-compress/1.4.1/commons-compress-1.4.1.jar:/home/rob/.m2/repository/org/tukaani/xz/1.0/xz-1.0.jar:/home/rob/.m2/repository/org/apache/hadoop/hadoop-hdfs/2.4.1/hadoop-hdfs-2.4.1.jar:/home/rob/.m2/repository/org/apache/hadoop/hadoop-mapreduce-client-app/2.4.1/hadoop-mapreduce-client-app-2.4.1.jar:/home/rob/.m2/repository/org/apache/hadoop/hadoop-mapreduce-client-common/2.4.1/hadoop-mapreduce-client-common-2.4.1.jar:/home/rob/.m2/repository/org/apache/hadoop/hadoop-yarn-client/2.4.1/hadoop-yarn-client-2.4.1.jar:/home/rob/.m2/repository/com/sun/jersey/jersey-client/1.9/jersey-client-1.9.jar:/home/rob/.m2/repository/org/apache/hadoop/hadoop-yarn-server-common/2.4.1/hadoop-yarn-server-common-2.4.1.jar:/home/rob/.m2/repository/org/apache/hadoop/hadoop-mapreduce-client-shuffle/2.4.1/hadoop-mapreduce-client-shuffle-2.4.1.jar:/home/rob/.m2/repository/org/apache/hadoop/hadoop-yarn-api/2.4.1/hadoop-yarn-api-2.4.1.jar:/home/rob/.m2/repository/org/apache/hadoop/hadoop-mapreduce-client-core/2.4.1/hadoop-mapreduce-client-core-2.4.1.jar:/home/rob/.m2/repository/org/apache/hadoop/hadoop-yarn-common/2.4.1/hadoop-yarn-common-2.4.1.jar:/home/rob/.m2/repository/javax/xml/bind/jaxb-api/2.2.2/jaxb-api-2.2.2.jar:/home/rob/.m2/repository/javax/xml/stream/stax-api/1.0-2/stax-api-1.0-2.jar:/home/rob/.m2/repository/javax/activation/activation/1.1/activation-1.1.jar:/home/rob/.m2/repository/javax/servlet/servlet-api/2.5/servlet-api-2.5.jar:/home/rob/.m2/repository/com/sun/jersey/jersey-core/1.9/jersey-core-1.9.jar:/home/rob/.m2/repository/org/apache/hadoop/hadoop-mapreduce-client-jobclient/2.4.1/hadoop-mapreduce-client-jobclient-2.4.1.jar:/home/rob/.m2/repository/org/apache/hadoop/hadoop-annotations/2.4.1/hadoop-annotations-2.4.1.jar:/home/rob/.m2/repository/org/codehaus/jackson/jackson-core-asl/1.9.12/jackson-core-asl-1.9.12.jar:/home/rob/.m2/repository/org/codehaus/jackson/jackson-mapper-asl/1.9.12/jackson-mapper-asl-1.9.12.jar:/home/rob/.m2/repository/org/slf4j/slf4j-api/1.7.19/slf4j-api-1.7.19.jar:/home/rob/.m2/repository/org/apache/commons/commons-lang3/3.1/commons-lang3-3.1.jar:/home/rob/.m2/repository/commons-cli/commons-cli/1.2/commons-cli-1.2.jar:/home/rob/.m2/repository/com/thoughtworks/xstream/xstream/1.4.4/xstream-1.4.4.jar:/home/rob/.m2/repository/xmlpull/xmlpull/1.1.3.1/xmlpull-1.1.3.1.jar:/home/rob/.m2/repository/xpp3/xpp3_min/1.1.4c/xpp3_min-1.1.4c.jar:/home/rob/.m2/repository/org/apache/lucene/lucene-core/4.6.1/lucene-core-4.6.1.jar:/home/rob/.m2/repository/org/apache/lucene/lucene-analyzers-common/4.6.1/lucene-analyzers-common-4.6.1.jar:/home/rob/.m2/repository/org/apache/mahout/commons/commons-cli/2.0-mahout/commons-cli-2.0-mahout.jar:/home/rob/.m2/repository/org/apache/commons/commons-math3/3.2/commons-math3-3.2.jar:/home/rob/.m2/repository/org/apache/solr/solr-commons-csv/3.5.0/solr-commons-csv-3.5.0.jar:/home/rob/.m2/repository/org/apache/logging/log4j/log4j-api/2.7/log4j-api-2.7.jar:/home/rob/.m2/repository/org/apache/logging/log4j/log4j-core/2.7/log4j-core-2.7.jar:"/>
    <property name="java.vm.specification.version" value="1.8"/>
    <property name="sun.arch.data.model" value="64"/>
    <property name="java.home" value="/usr/lib/jvm/java-8-oracle/jre"/>
    <property name="sun.java.command" value="/home/rob/workspace/teste4/target/surefire/surefirebooter4013497226883698533.jar /home/rob/workspace/teste4/target/surefire/surefire8813640978216336376tmp /home/rob/workspace/teste4/target/surefire/surefire1748681686287593099tmp"/>
    <property name="java.specification.vendor" value="Oracle Corporation"/>
    <property name="user.language" value="en"/>
    <property name="user.language.format" value="pt"/>
    <property name="awt.toolkit" value="sun.awt.X11.XToolkit"/>
    <property name="java.vm.info" value="mixed mode"/>
    <property name="java.version" value="1.8.0_111"/>
    <property name="java.ext.dirs" value="/usr/lib/jvm/java-8-oracle/jre/lib/ext:/usr/java/packages/lib/ext"/>
    <property name="sun.boot.class.path" value="/usr/lib/jvm/java-8-oracle/jre/lib/resources.jar:/usr/lib/jvm/java-8-oracle/jre/lib/rt.jar:/usr/lib/jvm/java-8-oracle/jre/lib/sunrsasign.jar:/usr/lib/jvm/java-8-oracle/jre/lib/jsse.jar:/usr/lib/jvm/java-8-oracle/jre/lib/jce.jar:/usr/lib/jvm/java-8-oracle/jre/lib/charsets.jar:/usr/lib/jvm/java-8-oracle/jre/lib/jfr.jar:/usr/lib/jvm/java-8-oracle/jre/classes"/>
    <property name="java.vendor" value="Oracle Corporation"/>
    <property name="localRepository" value="/home/rob/.m2/repository"/>
    <property name="file.separator" value="/"/>
    <property name="java.vendor.url.bug" value="http://bugreport.sun.com/bugreport/"/>
    <property name="sun.cpu.endian" value="little"/>
    <property name="sun.io.unicode.encoding" value="UnicodeLittle"/>
    <property name="sun.desktop" value="gnome"/>
    <property name="sun.cpu.isalist" value=""/>
  </properties>
  <testcase classname="teste4.teste4.AppTest" name="testApp" time="0.001"/>
</testsuite>